<?xml version="1.0" encoding="utf-8"?><testsuites name="pytest tests"><testsuite name="pytest" errors="0" failures="0" skipped="0" tests="18" time="8.763" timestamp="2026-04-25T08:16:30.709695+00:00" hostname="agent-env-c00b8424-a78f-4a46-a65f-826622402788"><testcase classname="backend.tests.test_studyos_api.TestAuth" name="test_root" time="0.460" /><testcase classname="backend.tests.test_studyos_api.TestAuth" name="test_signup_duplicate_email" time="0.112" /><testcase classname="backend.tests.test_studyos_api.TestAuth" name="test_login_success" time="0.334" /><testcase classname="backend.tests.test_studyos_api.TestAuth" name="test_login_bad_password" time="0.328" /><testcase classname="backend.tests.test_studyos_api.TestAuth" name="test_me_with_token" time="0.114" /><testcase classname="backend.tests.test_studyos_api.TestAuth" name="test_me_without_token" time="0.113" /><testcase classname="backend.tests.test_studyos_api.TestAuth" name="test_me_with_bad_token" time="0.098" /><testcase classname="backend.tests.test_studyos_api.TestTopics" name="test_list_topics_seeded" time="0.111" /><testcase classname="backend.tests.test_studyos_api.TestTopics" name="test_topics_idempotent_seed_on_login" time="0.482" /><testcase classname="backend.tests.test_studyos_api.TestSessions" name="test_start_session" time="0.141" /><testcase classname="backend.tests.test_studyos_api.TestSessions" name="test_start_session_bad_topic" time="0.107" /><testcase classname="backend.tests.test_studyos_api.TestSessions" name="test_update_struggle" time="0.105" /><testcase classname="backend.tests.test_studyos_api.TestSessions" name="test_struggle_bounds" time="0.106" /><testcase classname="backend.tests.test_studyos_api.TestSessions" name="test_end_session_applies_mastery" time="0.199" /><testcase classname="backend.tests.test_studyos_api.TestSessions" name="test_mastery_clamped_at_100" time="0.422" /><testcase classname="backend.tests.test_studyos_api.TestSessions" name="test_list_sessions_sorted_desc" time="0.107" /><testcase classname="backend.tests.test_studyos_api.TestSocraticChat" name="test_chat_send_and_history" time="5.228" /><testcase classname="backend.tests.test_studyos_api.TestSocraticChat" name="test_chat_invalid_session" time="0.106" /></testsuite></testsuites>