<?xml version="1.0" encoding="utf-8"?><testsuites name="pytest tests"><testsuite name="pytest" errors="0" failures="0" skipped="0" tests="40" time="53.527" timestamp="2026-04-25T09:13:04.873357+00:00" hostname="agent-env-c00b8424-a78f-4a46-a65f-826622402788"><testcase classname="backend.tests.test_qa_engine.TestQuestionGen" name="test_first_question_medium" time="20.097" /><testcase classname="backend.tests.test_qa_engine.TestQuestionGen" name="test_easier_request" time="3.415" /><testcase classname="backend.tests.test_qa_engine.TestAnswerFlow" name="test_first_wrong_answer" time="2.319" /><testcase classname="backend.tests.test_qa_engine.TestAnswerFlow" name="test_double_answer_returns_409" time="0.114" /><testcase classname="backend.tests.test_qa_engine.TestAnswerFlow" name="test_two_more_wrong_triggers_interrupt" time="9.260" /><testcase classname="backend.tests.test_qa_engine.TestEvents" name="test_easier_requested_event" time="2.604" /><testcase classname="backend.tests.test_qa_engine.TestInsights" name="test_insights_shape" time="0.106" /><testcase classname="backend.tests.test_qa_engine.TestInsightsFresh" name="test_fresh_user_overall_accuracy_none" time="0.543" /><testcase classname="backend.tests.test_studyos_api.TestAuth" name="test_root" time="0.541" /><testcase classname="backend.tests.test_studyos_api.TestAuth" name="test_signup_duplicate_email" time="0.124" /><testcase classname="backend.tests.test_studyos_api.TestAuth" name="test_login_success" time="0.333" /><testcase classname="backend.tests.test_studyos_api.TestAuth" name="test_login_bad_password" time="0.321" /><testcase classname="backend.tests.test_studyos_api.TestAuth" name="test_me_with_token" time="0.100" /><testcase classname="backend.tests.test_studyos_api.TestAuth" name="test_me_without_token" time="0.104" /><testcase classname="backend.tests.test_studyos_api.TestAuth" name="test_me_with_bad_token" time="0.099" /><testcase classname="backend.tests.test_studyos_api.TestTopics" name="test_list_topics_seeded" time="0.102" /><testcase classname="backend.tests.test_studyos_api.TestTopics" name="test_start_session_updates_last_touched_at" time="0.248" /><testcase classname="backend.tests.test_studyos_api.TestTopics" name="test_topics_idempotent_seed_on_login" time="0.425" /><testcase classname="backend.tests.test_studyos_api.TestSessions" name="test_start_session" time="0.099" /><testcase classname="backend.tests.test_studyos_api.TestSessions" name="test_start_session_bad_topic" time="0.105" /><testcase classname="backend.tests.test_studyos_api.TestSessions" name="test_update_struggle" time="0.101" /><testcase classname="backend.tests.test_studyos_api.TestSessions" name="test_struggle_bounds" time="0.102" /><testcase classname="backend.tests.test_studyos_api.TestSessions" name="test_end_session_applies_mastery" time="0.217" /><testcase classname="backend.tests.test_studyos_api.TestSessions" name="test_mastery_clamped_at_100" time="0.437" /><testcase classname="backend.tests.test_studyos_api.TestSessions" name="test_list_sessions_sorted_desc" time="0.107" /><testcase classname="backend.tests.test_studyos_api.TestSocraticChat" name="test_chat_send_and_history" time="4.093" /><testcase classname="backend.tests.test_studyos_api.TestSocraticChat" name="test_chat_invalid_session" time="0.103" /><testcase classname="backend.tests.test_syllabus.TestSyllabusOptions" name="test_options_returns_5_countries" time="0.441" /><testcase classname="backend.tests.test_syllabus.TestSyllabusOptions" name="test_india_has_classes_8_to_12" time="0.109" /><testcase classname="backend.tests.test_syllabus.TestSyllabusNational" name="test_india_class_10_preview" time="0.109" /><testcase classname="backend.tests.test_syllabus.TestSyllabusNational" name="test_unknown_country_404" time="0.107" /><testcase classname="backend.tests.test_syllabus.TestUserProfile" name="test_login_returns_full_profile" time="0.323" /><testcase classname="backend.tests.test_syllabus.TestUserProfile" name="test_me_returns_full_profile" time="0.109" /><testcase classname="backend.tests.test_syllabus.TestUserProfile" name="test_profile_update" time="0.104" /><testcase classname="backend.tests.test_syllabus.TestApplyNational" name="test_apply_national_replaces_topics_and_onboards" time="0.211" /><testcase classname="backend.tests.test_syllabus.TestApplyNational" name="test_session_works_with_syllabus_topic" time="0.444" /><testcase classname="backend.tests.test_syllabus.TestSyllabusUpload" name="test_upload_text_paste" time="2.653" /><testcase classname="backend.tests.test_syllabus.TestSyllabusUpload" name="test_upload_file_text" time="1.869" /><testcase classname="backend.tests.test_syllabus.TestSyllabusUpload" name="test_upload_empty_400" time="0.122" /><testcase classname="backend.tests.test_syllabus.TestSyllabusSkip" name="test_skip_seeds_default_topics" time="0.545" /></testsuite></testsuites>