<?xml version="1.0" encoding="utf-8"?><testsuites name="pytest tests"><testsuite name="pytest" errors="0" failures="0" skipped="0" tests="19" time="7.783" timestamp="2026-04-25T08:43:14.928205+00:00" hostname="agent-env-c00b8424-a78f-4a46-a65f-826622402788"><testcase classname="backend.tests.test_studyos_api.TestAuth" name="test_root" time="0.521" /><testcase classname="backend.tests.test_studyos_api.TestAuth" name="test_signup_duplicate_email" time="0.104" /><testcase classname="backend.tests.test_studyos_api.TestAuth" name="test_login_success" time="0.356" /><testcase classname="backend.tests.test_studyos_api.TestAuth" name="test_login_bad_password" time="0.332" /><testcase classname="backend.tests.test_studyos_api.TestAuth" name="test_me_with_token" time="0.117" /><testcase classname="backend.tests.test_studyos_api.TestAuth" name="test_me_without_token" time="0.100" /><testcase classname="backend.tests.test_studyos_api.TestAuth" name="test_me_with_bad_token" time="0.105" /><testcase classname="backend.tests.test_studyos_api.TestTopics" name="test_list_topics_seeded" time="0.099" /><testcase classname="backend.tests.test_studyos_api.TestTopics" name="test_start_session_updates_last_touched_at" time="0.227" /><testcase classname="backend.tests.test_studyos_api.TestTopics" name="test_topics_idempotent_seed_on_login" time="0.437" /><testcase classname="backend.tests.test_studyos_api.TestSessions" name="test_start_session" time="0.102" /><testcase classname="backend.tests.test_studyos_api.TestSessions" name="test_start_session_bad_topic" time="0.102" /><testcase classname="backend.tests.test_studyos_api.TestSessions" name="test_update_struggle" time="0.105" /><testcase classname="backend.tests.test_studyos_api.TestSessions" name="test_struggle_bounds" time="0.103" /><testcase classname="backend.tests.test_studyos_api.TestSessions" name="test_end_session_applies_mastery" time="0.208" /><testcase classname="backend.tests.test_studyos_api.TestSessions" name="test_mastery_clamped_at_100" time="0.428" /><testcase classname="backend.tests.test_studyos_api.TestSessions" name="test_list_sessions_sorted_desc" time="0.117" /><testcase classname="backend.tests.test_studyos_api.TestSocraticChat" name="test_chat_send_and_history" time="4.038" /><testcase classname="backend.tests.test_studyos_api.TestSocraticChat" name="test_chat_invalid_session" time="0.112" /></testsuite></testsuites>