<?xml version="1.0" encoding="utf-8"?><testsuites name="pytest tests"><testsuite name="pytest" errors="0" failures="8" skipped="0" tests="19" time="3.446" timestamp="2026-04-25T08:39:05.585806+00:00" hostname="agent-env-c00b8424-a78f-4a46-a65f-826622402788"><testcase classname="backend.tests.test_studyos_api.TestAuth" name="test_root" time="0.672" /><testcase classname="backend.tests.test_studyos_api.TestAuth" name="test_signup_duplicate_email" time="0.113" /><testcase classname="backend.tests.test_studyos_api.TestAuth" name="test_login_success" time="0.325" /><testcase classname="backend.tests.test_studyos_api.TestAuth" name="test_login_bad_password" time="0.360" /><testcase classname="backend.tests.test_studyos_api.TestAuth" name="test_me_with_token" time="0.104" /><testcase classname="backend.tests.test_studyos_api.TestAuth" name="test_me_without_token" time="0.144" /><testcase classname="backend.tests.test_studyos_api.TestAuth" name="test_me_with_bad_token" time="0.102" /><testcase classname="backend.tests.test_studyos_api.TestTopics" name="test_list_topics_seeded" time="0.139"><failure message="AssertionError: missing last_touched_at on topic Linear Algebra&#10;assert 'last_touched_at' in {'domain': 'Mathematics', 'id': 'b8620e6f-6f0c-4273-9c47-d1a379fa5f28', 'mastery': 72, 'name': 'Linear Algebra', ...}">backend/tests/test_studyos_api.py:101: in test_list_topics_seeded
    assert "last_touched_at" in t, f"missing last_touched_at on topic {t['name']}"
E   AssertionError: missing last_touched_at on topic Linear Algebra
E   assert 'last_touched_at' in {'domain': 'Mathematics', 'id': 'b8620e6f-6f0c-4273-9c47-d1a379fa5f28', 'mastery': 72, 'name': 'Linear Algebra', ...}</failure></testcase><testcase classname="backend.tests.test_studyos_api.TestTopics" name="test_start_session_updates_last_touched_at" time="0.000"><failure message="KeyError: 'topics'">backend/tests/test_studyos_api.py:107: in test_start_session_updates_last_touched_at
    topic = state["topics"][2]  # use a fresh topic not used elsewhere
            ^^^^^^^^^^^^^^^
E   KeyError: 'topics'</failure></testcase><testcase classname="backend.tests.test_studyos_api.TestTopics" name="test_topics_idempotent_seed_on_login" time="0.431" /><testcase classname="backend.tests.test_studyos_api.TestSessions" name="test_start_session" time="0.002"><failure message="KeyError: 'topics'">backend/tests/test_studyos_api.py:136: in test_start_session
    topic = state["topics"][0]
            ^^^^^^^^^^^^^^^
E   KeyError: 'topics'</failure></testcase><testcase classname="backend.tests.test_studyos_api.TestSessions" name="test_start_session_bad_topic" time="0.150" /><testcase classname="backend.tests.test_studyos_api.TestSessions" name="test_update_struggle" time="0.000"><failure message="KeyError: 'session'">backend/tests/test_studyos_api.py:163: in test_update_struggle
    sid = state["session"]["id"]
          ^^^^^^^^^^^^^^^^
E   KeyError: 'session'</failure></testcase><testcase classname="backend.tests.test_studyos_api.TestSessions" name="test_struggle_bounds" time="0.000"><failure message="KeyError: 'session'">backend/tests/test_studyos_api.py:174: in test_struggle_bounds
    sid = state["session"]["id"]
          ^^^^^^^^^^^^^^^^
E   KeyError: 'session'</failure></testcase><testcase classname="backend.tests.test_studyos_api.TestSessions" name="test_end_session_applies_mastery" time="0.000"><failure message="KeyError: 'session'">backend/tests/test_studyos_api.py:185: in test_end_session_applies_mastery
    sid = state["session"]["id"]
          ^^^^^^^^^^^^^^^^
E   KeyError: 'session'</failure></testcase><testcase classname="backend.tests.test_studyos_api.TestSessions" name="test_mastery_clamped_at_100" time="0.414" /><testcase classname="backend.tests.test_studyos_api.TestSessions" name="test_list_sessions_sorted_desc" time="0.102"><failure message="AssertionError: assert 1 &gt;= 2&#10; +  where 1 = len([{'duration_minutes': 10, 'ended_at': '2026-04-25T08:39:08.694873+00:00', 'id': 'dddb8b13-6759-49fc-82a7-5361e321ee89', 'mastery_delta': 20, ...}])">backend/tests/test_studyos_api.py:232: in test_list_sessions_sorted_desc
    assert len(sessions) &gt;= 2
E   AssertionError: assert 1 &gt;= 2
E    +  where 1 = len([{'duration_minutes': 10, 'ended_at': '2026-04-25T08:39:08.694873+00:00', 'id': 'dddb8b13-6759-49fc-82a7-5361e321ee89', 'mastery_delta': 20, ...}])</failure></testcase><testcase classname="backend.tests.test_studyos_api.TestSocraticChat" name="test_chat_send_and_history" time="0.000"><failure message="KeyError: 'topics'">backend/tests/test_studyos_api.py:241: in test_chat_send_and_history
    topic = state["topics"][1]
            ^^^^^^^^^^^^^^^
E   KeyError: 'topics'</failure></testcase><testcase classname="backend.tests.test_studyos_api.TestSocraticChat" name="test_chat_invalid_session" time="0.103" /></testsuite></testsuites>